<?xml version="1.0" encoding="UTF-8"?>
<!-- Generated by org.testng.reporters.JUnitXMLReporter -->
<testsuite ignored="0" hostname="DESKTOP-9P7IBPT" failures="0" tests="12" name="Default test" time="181.97" errors="0" timestamp="2021-08-20T00:18:42 MYT">
  <testcase classname="todolist.ToDoList" name="tc1" time="2.958"/>
  <testcase classname="todolist.ToDoList" name="tc10" time="33.433"/>
  <testcase classname="todolist.ToDoList" name="tc11" time="14.411"/>
  <testcase classname="todolist.ToDoList" name="tc12" time="10.289"/>
  <testcase classname="todolist.ToDoList" name="tc2" time="4.547"/>
  <testcase classname="todolist.ToDoList" name="tc3" time="6.094"/>
  <testcase classname="todolist.ToDoList" name="tc4" time="10.009"/>
  <testcase classname="todolist.ToDoList" name="tc5" time="11.583"/>
  <testcase classname="todolist.ToDoList" name="tc6" time="17.409"/>
  <testcase classname="todolist.ToDoList" name="tc7" time="3.838"/>
  <testcase classname="todolist.ToDoList" name="tc8" time="30.429"/>
  <testcase classname="todolist.ToDoList" name="tc9" time="13.13"/>
</testsuite> <!-- Default test -->
